# Logfile created on 2024-11-21 01:11:47 +0200 by logger.rb/v1.6.1
I, [2024-11-21T01:11:47.034482 #24430]  INFO -- : Processed: Started scraping books.
E, [2024-11-21T01:11:47.034565 #24430] ERROR -- : Error: Failed to scrape product info.
I, [2024-11-21T03:18:06.912928 #64762]  INFO -- : Processed: Started scraping books.
I, [2024-11-21T03:18:06.913237 #64762]  INFO -- : Processed: Item initialized: Laptop, 1000
I, [2024-11-21T03:18:08.459514 #64762]  INFO -- : Processed: Item initialized: Enormous Linen Shirt, 91.91
I, [2024-11-21T03:18:08.459778 #64762]  INFO -- : Processed: Item initialized: Smartphone, 500
I, [2024-11-21T03:18:08.459878 #64762]  INFO -- : Processed: Processed item: Gaming Laptop, 1500
I, [2024-11-21T03:37:00.321502 #73693]  INFO -- : Processed: Started scraping books.
I, [2024-11-21T03:37:00.321661 #73693]  INFO -- : Processed: Item initialized: Laptop, 1000
I, [2024-11-21T03:37:01.375142 #73693]  INFO -- : Processed: Item initialized: Fantastic Leather Wallet, 94.7
I, [2024-11-21T03:37:01.375303 #73693]  INFO -- : Processed: Item initialized: Smartphone, 500
I, [2024-11-21T03:37:01.375347 #73693]  INFO -- : Processed: Processed item: Gaming Laptop, 1500
I, [2024-11-21T03:39:33.329360 #74711]  INFO -- : Processed: Started scraping books.
I, [2024-11-21T03:39:33.329465 #74711]  INFO -- : Processed: Item initialized: Laptop, 1000
I, [2024-11-21T03:39:34.410710 #74711]  INFO -- : Processed: Item initialized: Rustic Steel Keyboard, 84.53
I, [2024-11-21T03:39:34.410847 #74711]  INFO -- : Processed: Item initialized: Smartphone, 500
I, [2024-11-21T03:39:34.410936 #74711]  INFO -- : Processed: Processed item: Gaming Laptop, 1500
I, [2024-11-21T03:39:34.411427 #74711]  INFO -- : Processed: Item initialized: Incredible Steel Table, 13.98
I, [2024-11-21T03:39:34.411515 #74711]  INFO -- : Processed: Item added: Incredible Steel Table
I, [2024-11-21T03:39:34.411822 #74711]  INFO -- : Processed: Item initialized: Ergonomic Bronze Plate, 38.67
I, [2024-11-21T03:39:34.411873 #74711]  INFO -- : Processed: Item added: Ergonomic Bronze Plate
I, [2024-11-21T03:39:34.412179 #74711]  INFO -- : Processed: Item initialized: Ergonomic Cotton Lamp, 82.61
I, [2024-11-21T03:39:34.412230 #74711]  INFO -- : Processed: Item added: Ergonomic Cotton Lamp
I, [2024-11-21T03:39:34.412562 #74711]  INFO -- : Processed: Item initialized: Heavy Duty Marble Wallet, 85.15
I, [2024-11-21T03:39:34.412612 #74711]  INFO -- : Processed: Item added: Heavy Duty Marble Wallet
I, [2024-11-21T03:39:34.412944 #74711]  INFO -- : Processed: Item initialized: Small Steel Gloves, 42.69
I, [2024-11-21T03:39:34.412995 #74711]  INFO -- : Processed: Item added: Small Steel Gloves
I, [2024-11-21T03:39:34.413027 #74711]  INFO -- : Processed: 5 test items generated.
I, [2024-11-21T03:39:34.413410 #74711]  INFO -- : Processed: Items saved to file: items.txt
I, [2024-11-21T03:39:34.413662 #74711]  INFO -- : Processed: Items saved to JSON: items.json
I, [2024-11-21T03:39:34.414160 #74711]  INFO -- : Processed: Items saved to CSV: items.csv
I, [2024-11-21T03:39:34.420998 #74711]  INFO -- : Processed: Items saved to YAML.
I, [2024-11-21T03:39:34.421529 #74711]  INFO -- : Processed: Item removed: Incredible Steel Table
I, [2024-11-21T03:39:34.421607 #74711]  INFO -- : Processed: All items deleted.
I, [2024-11-21T03:43:44.615481 #76226]  INFO -- : Processed: Started scraping books.
I, [2024-11-21T03:43:44.615630 #76226]  INFO -- : Processed: Item initialized: Laptop, 1000
I, [2024-11-21T03:43:45.942483 #76226]  INFO -- : Processed: Item initialized: Fantastic Marble Knife, 61.05
I, [2024-11-21T03:43:45.942628 #76226]  INFO -- : Processed: Item initialized: Smartphone, 500
I, [2024-11-21T03:43:45.942750 #76226]  INFO -- : Processed: Processed item: Gaming Laptop, 1500
I, [2024-11-21T03:43:45.943271 #76226]  INFO -- : Processed: Item initialized: Ergonomic Leather Pants, 14.78
I, [2024-11-21T03:43:45.943357 #76226]  INFO -- : Processed: Item added: Ergonomic Leather Pants
I, [2024-11-21T03:43:45.943695 #76226]  INFO -- : Processed: Item initialized: Synergistic Wooden Bag, 7.29
I, [2024-11-21T03:43:45.943752 #76226]  INFO -- : Processed: Item added: Synergistic Wooden Bag
I, [2024-11-21T03:43:45.944044 #76226]  INFO -- : Processed: Item initialized: Gorgeous Bronze Clock, 9.85
I, [2024-11-21T03:43:45.944125 #76226]  INFO -- : Processed: Item added: Gorgeous Bronze Clock
I, [2024-11-21T03:43:45.944625 #76226]  INFO -- : Processed: Item initialized: Incredible Plastic Car, 77.07
I, [2024-11-21T03:43:45.944686 #76226]  INFO -- : Processed: Item added: Incredible Plastic Car
I, [2024-11-21T03:43:45.945201 #76226]  INFO -- : Processed: Item initialized: Intelligent Steel Shirt, 28.37
I, [2024-11-21T03:43:45.945259 #76226]  INFO -- : Processed: Item added: Intelligent Steel Shirt
I, [2024-11-21T03:43:45.945290 #76226]  INFO -- : Processed: 5 test items generated.
I, [2024-11-21T03:43:45.946491 #76226]  INFO -- : Processed: Items saved to file: items.txt
I, [2024-11-21T03:43:45.946830 #76226]  INFO -- : Processed: Items saved to JSON: items.json
I, [2024-11-21T03:43:45.948538 #76226]  INFO -- : Processed: Items saved to CSV: items.csv
I, [2024-11-21T03:43:45.954456 #76226]  INFO -- : Processed: Items saved to YAML.
I, [2024-11-21T03:43:45.954611 #76226]  INFO -- : Processed: Item removed: Ergonomic Leather Pants
I, [2024-11-21T03:43:45.954681 #76226]  INFO -- : Processed: All items deleted.
I, [2024-11-21T03:44:49.984812 #76639]  INFO -- : Processed: Started scraping books.
I, [2024-11-21T03:44:49.984970 #76639]  INFO -- : Processed: Item initialized: Laptop, 1000
I, [2024-11-21T03:44:51.154067 #76639]  INFO -- : Processed: Item initialized: Lightweight Copper Coat, 72.33
I, [2024-11-21T03:44:51.154321 #76639]  INFO -- : Processed: Item initialized: Smartphone, 500
I, [2024-11-21T03:44:51.154445 #76639]  INFO -- : Processed: Processed item: Gaming Laptop, 1500
I, [2024-11-21T03:44:51.155126 #76639]  INFO -- : Processed: Item initialized: Gorgeous Rubber Shoes, 63.22
I, [2024-11-21T03:44:51.155306 #76639]  INFO -- : Processed: Item added: Gorgeous Rubber Shoes
I, [2024-11-21T03:44:51.155919 #76639]  INFO -- : Processed: Item initialized: Ergonomic Linen Bag, 69.46
I, [2024-11-21T03:44:51.156039 #76639]  INFO -- : Processed: Item added: Ergonomic Linen Bag
I, [2024-11-21T03:44:51.165898 #76639]  INFO -- : Processed: Item initialized: Rustic Concrete Clock, 90.74
I, [2024-11-21T03:44:51.166080 #76639]  INFO -- : Processed: Item added: Rustic Concrete Clock
I, [2024-11-21T03:44:51.166936 #76639]  INFO -- : Processed: Item initialized: Ergonomic Granite Bottle, 49.91
I, [2024-11-21T03:44:51.167086 #76639]  INFO -- : Processed: Item added: Ergonomic Granite Bottle
I, [2024-11-21T03:44:51.167925 #76639]  INFO -- : Processed: Item initialized: Lightweight Linen Lamp, 56.57
I, [2024-11-21T03:44:51.168065 #76639]  INFO -- : Processed: Item added: Lightweight Linen Lamp
I, [2024-11-21T03:44:51.168113 #76639]  INFO -- : Processed: 5 test items generated.
I, [2024-11-21T03:44:51.168550 #76639]  INFO -- : Processed: Item removed: Gorgeous Rubber Shoes
I, [2024-11-21T03:44:51.168688 #76639]  INFO -- : Processed: All items deleted.
I, [2024-11-21T03:45:56.653713 #77030]  INFO -- : Processed: Started scraping books.
I, [2024-11-21T03:45:56.653828 #77030]  INFO -- : Processed: Item initialized: Laptop, 1000
I, [2024-11-21T03:45:57.604536 #77030]  INFO -- : Processed: Item initialized: Durable Bronze Shoes, 90.95
I, [2024-11-21T03:45:57.604670 #77030]  INFO -- : Processed: Item initialized: Smartphone, 500
I, [2024-11-21T03:45:57.604808 #77030]  INFO -- : Processed: Processed item: Gaming Laptop, 1500
I, [2024-11-21T03:45:57.605430 #77030]  INFO -- : Processed: Item initialized: Gorgeous Plastic Lamp, 74.1
I, [2024-11-21T03:45:57.605518 #77030]  INFO -- : Processed: Item added: Gorgeous Plastic Lamp
I, [2024-11-21T03:45:57.605850 #77030]  INFO -- : Processed: Item initialized: Fantastic Aluminum Shirt, 46.19
I, [2024-11-21T03:45:57.605902 #77030]  INFO -- : Processed: Item added: Fantastic Aluminum Shirt
I, [2024-11-21T03:45:57.606213 #77030]  INFO -- : Processed: Item initialized: Small Rubber Keyboard, 32.59
I, [2024-11-21T03:45:57.606263 #77030]  INFO -- : Processed: Item added: Small Rubber Keyboard
I, [2024-11-21T03:45:57.606607 #77030]  INFO -- : Processed: Item initialized: Incredible Plastic Watch, 25.62
I, [2024-11-21T03:45:57.606657 #77030]  INFO -- : Processed: Item added: Incredible Plastic Watch
I, [2024-11-21T03:45:57.607093 #77030]  INFO -- : Processed: Item initialized: Intelligent Copper Lamp, 90.16
I, [2024-11-21T03:45:57.607179 #77030]  INFO -- : Processed: Item added: Intelligent Copper Lamp
I, [2024-11-21T03:45:57.607219 #77030]  INFO -- : Processed: 5 test items generated.
I, [2024-11-21T03:45:57.607788 #77030]  INFO -- : Processed: Item removed: Gorgeous Plastic Lamp
I, [2024-11-21T03:45:57.608232 #77030]  INFO -- : Processed: All items deleted.
